13:13:42.391 [main] INFO  resources.BaseClass - Chrome browser running
13:13:54.687 [main] INFO  resources.BaseClass - Driver initialized...
13:13:54.701 [main] INFO  resources.BaseClass - Navigate_To_HomePage test case started
13:13:54.701 [main] INFO  resources.BaseClass - Navigated to website...
13:14:00.854 [main] INFO  resources.BaseClass - Navigated to Login Dialog...
13:14:00.858 [main] INFO  resources.BaseClass - The name of the testcase passed is :Navigate_To_HomePage
14:36:35.471 [main] INFO  resources.BaseClass - Chrome browser running
14:36:49.712 [main] INFO  resources.BaseClass - Driver initialized...
14:36:49.726 [main] INFO  resources.BaseClass - navigateToLoginPage test case started
14:36:49.726 [main] INFO  resources.BaseClass - Navigated to website...
14:37:04.878 [main] ERROR resources.BaseClass - Failed to open login dialog
14:37:05.566 [main] INFO  resources.BaseClass - The name of the testcase failed is :navigateToLoginPage
14:53:11.529 [main] INFO  resources.BaseClass - Chrome browser running
14:53:28.504 [main] INFO  resources.BaseClass - Driver initialized...
14:53:28.516 [main] INFO  resources.BaseClass - navigateToLoginPage test case started
14:53:28.517 [main] INFO  resources.BaseClass - Navigated to website...
14:53:43.575 [main] ERROR resources.BaseClass - Failed to open login dialog
14:53:44.205 [main] INFO  resources.BaseClass - The name of the testcase failed is :navigateToLoginPage
15:01:32.360 [main] INFO  resources.BaseClass - Chrome browser running
15:01:44.778 [main] INFO  resources.BaseClass - Driver initialized...
15:01:44.793 [main] INFO  resources.BaseClass - navigateToLoginPage test case started
15:01:44.794 [main] INFO  resources.BaseClass - Navigated to website...
15:01:51.554 [main] INFO  resources.BaseClass - Navigated to Login Dialog...
15:01:51.557 [main] INFO  resources.BaseClass - The name of the testcase passed is :navigateToLoginPage
15:07:44.931 [main] INFO  resources.BaseClass - Chrome browser running
15:07:55.211 [main] INFO  resources.BaseClass - Driver initialized...
15:07:55.225 [main] INFO  resources.BaseClass - navigateToLoginPage test case started
15:07:55.228 [main] INFO  resources.BaseClass - Navigated to website...
15:08:06.674 [main] INFO  resources.BaseClass - Navigated to Login Dialog...
15:08:06.676 [main] INFO  resources.BaseClass - The name of the testcase passed is :navigateToLoginPage
22:41:43.017 [main] INFO  resources.BaseClass - navigateToLoginPage test case started
22:41:43.035 [main] INFO  resources.BaseClass - The name of the testcase Skipped is :navigateToLoginPage
22:50:04.914 [main] INFO  resources.BaseClass - navigateToLoginPage test case started
22:50:04.925 [main] INFO  resources.BaseClass - The name of the testcase Skipped is :navigateToLoginPage
22:59:33.179 [main] INFO  resources.BaseClass - navigateToLoginPage test case started
22:59:33.185 [main] INFO  resources.BaseClass - The name of the testcase Skipped is :navigateToLoginPage
23:03:16.503 [main] INFO  resources.BaseClass - Chrome browser running
23:03:31.216 [main] INFO  resources.BaseClass - Driver initialized...
23:03:31.310 [main] INFO  resources.BaseClass - navigateToLoginPage test case started
23:03:31.314 [main] INFO  resources.BaseClass - Execution started for homePageLogin
23:03:31.314 [main] INFO  resources.BaseClass - Navigated to website...
23:03:37.879 [main] INFO  resources.BaseClass - Navigated to Login Dialog...
23:03:37.883 [main] INFO  resources.BaseClass - The name of the testcase passed is :navigateToLoginPage
11:14:58.065 [main] INFO  resources.BaseClass - Chrome browser running
11:15:14.757 [main] INFO  resources.BaseClass - Driver initialized...
11:15:14.776 [main] INFO  resources.BaseClass - navigateToLoginPage test case started
11:15:14.776 [main] INFO  resources.BaseClass - Execution started for homePageLogin
11:15:14.780 [main] INFO  resources.BaseClass - Navigated to website...
11:15:21.418 [main] INFO  resources.BaseClass - Navigated to Login Dialog...
11:15:21.421 [main] INFO  resources.BaseClass - The name of the testcase passed is :navigateToLoginPage
13:04:01.246 [main] INFO  resources.BaseClass - Chrome browser running
13:04:20.972 [main] INFO  resources.BaseClass - Driver initialized...
13:04:20.985 [main] INFO  resources.BaseClass - navigateToLoginPage test case started
13:04:20.985 [main] INFO  resources.BaseClass - Execution started for homePageLogin
13:04:20.987 [main] INFO  resources.BaseClass - Navigated to website...
13:04:27.672 [main] INFO  resources.BaseClass - Navigated to Login Dialog...
13:04:27.675 [main] INFO  resources.BaseClass - The name of the testcase passed is :navigateToLoginPage
13:14:37.290 [main] INFO  resources.BaseClass - Chrome browser running
13:15:09.065 [main] INFO  resources.BaseClass - Driver initialized...
13:15:09.079 [main] INFO  resources.BaseClass - navigateToLoginPage test case started
13:15:09.080 [main] INFO  resources.BaseClass - Execution started for homePageLogin
