21:31:51.071 [main] INFO  resources.BaseClass - Navigated to Login Dialog...
21:31:53.457 [main] INFO  resources.BaseClass - Typing username...
21:31:55.614 [main] INFO  resources.BaseClass - Typing password...
21:31:55.731 [main] INFO  resources.BaseClass - Clicked on submit button...
21:43:39.733 [main] INFO  resources.BaseClass - Driver initialized...
21:43:43.100 [main] INFO  resources.BaseClass - Navigated to website...
21:43:48.405 [main] INFO  resources.BaseClass - Navigated to Login Dialog...
21:43:50.713 [main] INFO  resources.BaseClass - Typing username...
21:43:52.911 [main] INFO  resources.BaseClass - Typing password...
21:43:53.080 [main] INFO  resources.BaseClass - Clicked on submit button...
21:43:53.615 [main] INFO  resources.BaseClass - Navigated to website...
21:43:58.880 [main] INFO  resources.BaseClass - Navigated to Login Dialog...
21:44:01.360 [main] INFO  resources.BaseClass - Typing username...
21:44:03.489 [main] INFO  resources.BaseClass - Typing password...
21:44:03.641 [main] INFO  resources.BaseClass - Clicked on submit button...
21:44:04.133 [main] INFO  resources.BaseClass - Navigated to website...
21:44:09.426 [main] INFO  resources.BaseClass - Navigated to Login Dialog...
21:44:11.913 [main] INFO  resources.BaseClass - Typing username...
21:44:14.075 [main] INFO  resources.BaseClass - Typing password...
21:44:14.212 [main] INFO  resources.BaseClass - Clicked on submit button...
22:49:32.710 [main] INFO  resources.BaseClass - Driver initialized...
22:49:37.327 [main] INFO  resources.BaseClass - Navigated to website...
22:49:42.620 [main] INFO  resources.BaseClass - Navigated to Login Dialog...
22:49:44.961 [main] INFO  resources.BaseClass - Typing username...
22:49:47.090 [main] INFO  resources.BaseClass - Typing password...
22:49:47.209 [main] INFO  resources.BaseClass - Clicked on submit button...
22:49:47.719 [main] INFO  resources.BaseClass - Navigated to website...
22:49:53.023 [main] INFO  resources.BaseClass - Navigated to Login Dialog...
22:49:55.478 [main] INFO  resources.BaseClass - Typing username...
22:49:57.638 [main] INFO  resources.BaseClass - Typing password...
22:49:57.754 [main] INFO  resources.BaseClass - Clicked on submit button...
22:49:58.286 [main] INFO  resources.BaseClass - Navigated to website...
22:50:03.566 [main] INFO  resources.BaseClass - Navigated to Login Dialog...
22:50:06.024 [main] INFO  resources.BaseClass - Typing username...
22:50:08.183 [main] INFO  resources.BaseClass - Typing password...
22:50:08.379 [main] INFO  resources.BaseClass - Clicked on submit button...
