14:33:04.446 [main] INFO  resources.BaseClass - Driver initialized...
14:33:09.414 [main] INFO  resources.BaseClass - Navigated to website...
14:33:14.731 [main] INFO  resources.BaseClass - Navigated to Login Dialog...
14:33:17.086 [main] INFO  resources.BaseClass - Typing username...
14:33:19.222 [main] INFO  resources.BaseClass - Typing password...
14:33:19.371 [main] INFO  resources.BaseClass - Clicked on submit button...
14:33:23.435 [main] INFO  resources.BaseClass - Driver initialized...
14:33:26.993 [main] INFO  resources.BaseClass - Navigated to website...
14:33:32.304 [main] INFO  resources.BaseClass - Navigated to Login Dialog...
14:33:34.632 [main] INFO  resources.BaseClass - Typing username...
14:33:36.805 [main] INFO  resources.BaseClass - Typing password...
14:33:36.948 [main] INFO  resources.BaseClass - Clicked on submit button...
14:33:40.994 [main] INFO  resources.BaseClass - Driver initialized...
14:33:44.655 [main] INFO  resources.BaseClass - Navigated to website...
14:33:49.946 [main] INFO  resources.BaseClass - Navigated to Login Dialog...
14:33:52.282 [main] INFO  resources.BaseClass - Typing username...
14:33:54.457 [main] INFO  resources.BaseClass - Typing password...
14:33:54.593 [main] INFO  resources.BaseClass - Clicked on submit button...
15:11:10.128 [main] INFO  resources.BaseClass - Driver initialized...
15:11:37.339 [main] INFO  resources.BaseClass - Navigated to website...
15:11:42.795 [main] INFO  resources.BaseClass - Navigated to Login Dialog...
15:11:45.137 [main] INFO  resources.BaseClass - Typing username...
15:11:47.300 [main] INFO  resources.BaseClass - Typing password...
15:11:47.438 [main] INFO  resources.BaseClass - Clicked on submit button...
15:11:48.061 [main] INFO  resources.BaseClass - Navigated to website...
15:11:53.440 [main] INFO  resources.BaseClass - Navigated to Login Dialog...
15:11:55.840 [main] INFO  resources.BaseClass - Typing username...
15:11:57.988 [main] INFO  resources.BaseClass - Typing password...
15:11:58.192 [main] INFO  resources.BaseClass - Clicked on submit button...
15:11:58.723 [main] INFO  resources.BaseClass - Navigated to website...
15:12:04.062 [main] INFO  resources.BaseClass - Navigated to Login Dialog...
15:12:06.511 [main] INFO  resources.BaseClass - Typing username...
15:12:08.701 [main] INFO  resources.BaseClass - Typing password...
15:12:08.816 [main] INFO  resources.BaseClass - Clicked on submit button...
15:13:22.465 [main] INFO  resources.BaseClass - Driver initialized...
15:15:06.829 [main] INFO  resources.BaseClass - Driver initialized...
15:15:33.327 [main] INFO  resources.BaseClass - Navigated to website...
15:15:41.602 [main] INFO  resources.BaseClass - Navigated to Login Dialog...
15:15:43.946 [main] INFO  resources.BaseClass - Typing username...
15:15:46.130 [main] INFO  resources.BaseClass - Typing password...
15:15:46.268 [main] INFO  resources.BaseClass - Clicked on submit button...
15:19:52.009 [main] INFO  resources.BaseClass - Driver initialized...
15:19:56.256 [main] INFO  resources.BaseClass - Navigated to website...
15:20:01.561 [main] INFO  resources.BaseClass - Navigated to Login Dialog...
15:20:04.010 [main] INFO  resources.BaseClass - Typing username...
15:20:06.158 [main] INFO  resources.BaseClass - Typing password...
15:20:06.292 [main] INFO  resources.BaseClass - Clicked on submit button...
15:20:06.904 [main] INFO  resources.BaseClass - Navigated to website...
15:20:12.225 [main] INFO  resources.BaseClass - Navigated to Login Dialog...
15:20:14.694 [main] INFO  resources.BaseClass - Typing username...
15:20:16.861 [main] INFO  resources.BaseClass - Typing password...
15:20:16.979 [main] INFO  resources.BaseClass - Clicked on submit button...
15:20:17.545 [main] INFO  resources.BaseClass - Navigated to website...
15:20:22.924 [main] INFO  resources.BaseClass - Navigated to Login Dialog...
15:20:25.414 [main] INFO  resources.BaseClass - Typing username...
15:20:27.594 [main] INFO  resources.BaseClass - Typing password...
15:20:27.746 [main] INFO  resources.BaseClass - Clicked on submit button...
21:31:19.601 [main] INFO  resources.BaseClass - Driver initialized...
21:31:24.620 [main] INFO  resources.BaseClass - Navigated to website...
21:31:29.915 [main] INFO  resources.BaseClass - Navigated to Login Dialog...
21:31:32.307 [main] INFO  resources.BaseClass - Typing username...
21:31:34.444 [main] INFO  resources.BaseClass - Typing password...
21:31:34.576 [main] INFO  resources.BaseClass - Clicked on submit button...
21:31:35.196 [main] INFO  resources.BaseClass - Navigated to website...
21:31:40.480 [main] INFO  resources.BaseClass - Navigated to Login Dialog...
21:31:42.965 [main] INFO  resources.BaseClass - Typing username...
21:31:45.098 [main] INFO  resources.BaseClass - Typing password...
21:31:45.252 [main] INFO  resources.BaseClass - Clicked on submit button...
21:31:45.760 [main] INFO  resources.BaseClass - Navigated to website...
